<?xml version="1.0" encoding="UTF-8"?>
<!-- Generated by org.testng.reporters.JUnitReportReporter -->
<testsuite hostname="debasmita" failures="0" tests="2" name="orangeHRM.testcases.LoginPageTest" time="13.147" errors="0" timestamp="2024-07-07T12:32:31 IST" skipped="0">
  <testcase classname="orangeHRM.testcases.LoginPageTest" name="test1" time="6.446"/>
  <testcase classname="orangeHRM.testcases.LoginPageTest" name="test2" time="6.701"/>
</testsuite> <!-- orangeHRM.testcases.LoginPageTest -->
