<?xml version="1.0" encoding="UTF-8"?>
<!-- Generated by org.testng.reporters.JUnitReportReporter -->
<testsuite hostname="CPC-debas-HPLU6" failures="0" tests="1" name="orangeHRM.testcases.LoginPageTest" time="9.993" errors="0" timestamp="2024-07-01T15:37:02 IST" skipped="0">
  <testcase classname="orangeHRM.testcases.LoginPageTest" name="test1" time="9.993"/>
  <system-out/>
</testsuite> <!-- orangeHRM.testcases.LoginPageTest -->
