<?xml version="1.0" encoding="UTF-8"?>
<!-- Generated by org.testng.reporters.JUnitReportReporter -->
<testsuite hostname="CPC-debas-HPLU6" failures="0" tests="2" name="orangeHRM.testcases.LoginPageTest" time="7.518" errors="1" timestamp="2024-07-16T15:08:33 IST" skipped="0">
  <testcase classname="orangeHRM.testcases.LoginPageTest" name="getPageTitleTest" time="0.008">
    <error type="java.lang.StackOverflowError">
      <![CDATA[java.lang.StackOverflowError
at orangeHRM.pages.LoginPage.getPageTitle(LoginPage.java:31)
at orangeHRM.pages.LoginPage.getPageTitle(LoginPage.java:31)
at orangeHRM.pages.LoginPage.getPageTitle(LoginPage.java:31)
at orangeHRM.pages.LoginPage.getPageTitle(LoginPage.java:31)
at orangeHRM.pages.LoginPage.getPageTitle(LoginPage.java:31)
at orangeHRM.pages.LoginPage.getPageTitle(LoginPage.java:31)
at orangeHRM.pages.LoginPage.getPageTitle(LoginPage.java:31)
at orangeHRM.pages.LoginPage.getPageTitle(LoginPage.java:31)
at orangeHRM.pages.LoginPage.getPageTitle(LoginPage.java:31)
at orangeHRM.pages.LoginPage.getPageTitle(LoginPage.java:31)
at orangeHRM.pages.LoginPage.getPageTitle(LoginPage.java:31)
at orangeHRM.pages.LoginPage.getPageTitle(LoginPage.java:31)
at orangeHRM.pages.LoginPage.getPageTitle(LoginPage.java:31)
at orangeHRM.pages.LoginPage.getPageTitle(LoginPage.java:31)
at orangeHRM.pages.LoginPage.getPageTitle(LoginPage.java:31)
at orangeHRM.pages.LoginPage.getPageTitle(LoginPage.java:31)
at orangeHRM.pages.LoginPage.getPageTitle(LoginPage.java:31)
at orangeHRM.pages.LoginPage.getPageTitle(LoginPage.java:31)
at orangeHRM.pages.LoginPage.getPageTitle(LoginPage.java:31)
at orangeHRM.pages.LoginPage.getPageTitle(LoginPage.java:31)
at orangeHRM.pages.LoginPage.getPageTitle(LoginPage.java:31)
at orangeHRM.pages.LoginPage.getPageTitle(LoginPage.java:31)
at orangeHRM.pages.LoginPage.getPageTitle(LoginPage.java:31)
at orangeHRM.pages.LoginPage.getPageTitle(LoginPage.java:31)
at orangeHRM.pages.LoginPage.getPageTitle(LoginPage.java:31)
at orangeHRM.pages.LoginPage.getPageTitle(LoginPage.java:31)
at orangeHRM.pages.LoginPage.getPageTitle(LoginPage.java:31)
at orangeHRM.pages.LoginPage.getPageTitle(LoginPage.java:31)
at orangeHRM.pages.LoginPage.getPageTitle(LoginPage.java:31)
at orangeHRM.pages.LoginPage.getPageTitle(LoginPage.java:31)
at orangeHRM.pages.LoginPage.getPageTitle(LoginPage.java:31)
at orangeHRM.pages.LoginPage.getPageTitle(LoginPage.java:31)
at orangeHRM.pages.LoginPage.getPageTitle(LoginPage.java:31)
at orangeHRM.pages.LoginPage.getPageTitle(LoginPage.java:31)
at orangeHRM.pages.LoginPage.getPageTitle(LoginPage.java:31)
at orangeHRM.pages.LoginPage.getPageTitle(LoginPage.java:31)
at orangeHRM.pages.LoginPage.getPageTitle(LoginPage.java:31)
at orangeHRM.pages.LoginPage.getPageTitle(LoginPage.java:31)
at orangeHRM.pages.LoginPage.getPageTitle(LoginPage.java:31)
at orangeHRM.pages.LoginPage.getPageTitle(LoginPage.java:31)
at orangeHRM.pages.LoginPage.getPageTitle(LoginPage.java:31)
at orangeHRM.pages.LoginPage.getPageTitle(LoginPage.java:31)
at orangeHRM.pages.LoginPage.getPageTitle(LoginPage.java:31)
at orangeHRM.pages.LoginPage.getPageTitle(LoginPage.java:31)
at orangeHRM.pages.LoginPage.getPageTitle(LoginPage.java:31)
at orangeHRM.pages.LoginPage.getPageTitle(LoginPage.java:31)
at orangeHRM.pages.LoginPage.getPageTitle(LoginPage.java:31)
at orangeHRM.pages.LoginPage.getPageTitle(LoginPage.java:31)
at orangeHRM.pages.LoginPage.getPageTitle(LoginPage.java:31)
at orangeHRM.pages.LoginPage.getPageTitle(LoginPage.java:31)
at orangeHRM.pages.LoginPage.getPageTitle(LoginPage.java:31)
at orangeHRM.pages.LoginPage.getPageTitle(LoginPage.java:31)
at orangeHRM.pages.LoginPage.getPageTitle(LoginPage.java:31)
at orangeHRM.pages.LoginPage.getPageTitle(LoginPage.java:31)
at orangeHRM.pages.LoginPage.getPageTitle(LoginPage.java:31)
at orangeHRM.pages.LoginPage.getPageTitle(LoginPage.java:31)
at orangeHRM.pages.LoginPage.getPageTitle(LoginPage.java:31)
at orangeHRM.pages.LoginPage.getPageTitle(LoginPage.java:31)
at orangeHRM.pages.LoginPage.getPageTitle(LoginPage.java:31)
at orangeHRM.pages.LoginPage.getPageTitle(LoginPage.java:31)
at orangeHRM.pages.LoginPage.getPageTitle(LoginPage.java:31)
at orangeHRM.pages.LoginPage.getPageTitle(LoginPage.java:31)
at orangeHRM.pages.LoginPage.getPageTitle(LoginPage.java:31)
at orangeHRM.pages.LoginPage.getPageTitle(LoginPage.java:31)
at orangeHRM.pages.LoginPage.getPageTitle(LoginPage.java:31)
at orangeHRM.pages.LoginPage.getPageTitle(LoginPage.java:31)
at orangeHRM.pages.LoginPage.getPageTitle(LoginPage.java:31)
at orangeHRM.pages.LoginPage.getPageTitle(LoginPage.java:31)
at orangeHRM.pages.LoginPage.getPageTitle(LoginPage.java:31)
at orangeHRM.pages.LoginPage.getPageTitle(LoginPage.java:31)
at orangeHRM.pages.LoginPage.getPageTitle(LoginPage.java:31)
at orangeHRM.pages.LoginPage.getPageTitle(LoginPage.java:31)
at orangeHRM.pages.LoginPage.getPageTitle(LoginPage.java:31)
at orangeHRM.pages.LoginPage.getPageTitle(LoginPage.java:31)
at orangeHRM.pages.LoginPage.getPageTitle(LoginPage.java:31)
at orangeHRM.pages.LoginPage.getPageTitle(LoginPage.java:31)
at orangeHRM.pages.LoginPage.getPageTitle(LoginPage.java:31)
at orangeHRM.pages.LoginPage.getPageTitle(LoginPage.java:31)
at orangeHRM.pages.LoginPage.getPageTitle(LoginPage.java:31)
at orangeHRM.pages.LoginPage.getPageTitle(LoginPage.java:31)
at orangeHRM.pages.LoginPage.getPageTitle(LoginPage.java:31)
at orangeHRM.pages.LoginPage.getPageTitle(LoginPage.java:31)
at orangeHRM.pages.LoginPage.getPageTitle(LoginPage.java:31)
at orangeHRM.pages.LoginPage.getPageTitle(LoginPage.java:31)
at orangeHRM.pages.LoginPage.getPageTitle(LoginPage.java:31)
at orangeHRM.pages.LoginPage.getPageTitle(LoginPage.java:31)
at orangeHRM.pages.LoginPage.getPageTitle(LoginPage.java:31)
at orangeHRM.pages.LoginPage.getPageTitle(LoginPage.java:31)
at orangeHRM.pages.LoginPage.getPageTitle(LoginPage.java:31)
at orangeHRM.pages.LoginPage.getPageTitle(LoginPage.java:31)
at orangeHRM.pages.LoginPage.getPageTitle(LoginPage.java:31)
at orangeHRM.pages.LoginPage.getPageTitle(LoginPage.java:31)
at orangeHRM.pages.LoginPage.getPageTitle(LoginPage.java:31)
at orangeHRM.pages.LoginPage.getPageTitle(LoginPage.java:31)
at orangeHRM.pages.LoginPage.getPageTitle(LoginPage.java:31)
at orangeHRM.pages.LoginPage.getPageTitle(LoginPage.java:31)
at orangeHRM.pages.LoginPage.getPageTitle(LoginPage.java:31)
at orangeHRM.pages.LoginPage.getPageTitle(LoginPage.java:31)
at orangeHRM.pages.LoginPage.getPageTitle(LoginPage.java:31)
at orangeHRM.pages.LoginPage.getPageTitle(LoginPage.java:31)
at orangeHRM.pages.LoginPage.getPageTitle(LoginPage.java:31)
at orangeHRM.pages.LoginPage.getPageTitle(LoginPage.java:31)
at orangeHRM.pages.LoginPage.getPageTitle(LoginPage.java:31)
at orangeHRM.pages.LoginPage.getPageTitle(LoginPage.java:31)
at orangeHRM.pages.LoginPage.getPageTitle(LoginPage.java:31)
at orangeHRM.pages.LoginPage.getPageTitle(LoginPage.java:31)
at orangeHRM.pages.LoginPage.getPageTitle(LoginPage.java:31)
at orangeHRM.pages.LoginPage.getPageTitle(LoginPage.java:31)
at orangeHRM.pages.LoginPage.getPageTitle(LoginPage.java:31)
at orangeHRM.pages.LoginPage.getPageTitle(LoginPage.java:31)
at orangeHRM.pages.LoginPage.getPageTitle(LoginPage.java:31)
at orangeHRM.pages.LoginPage.getPageTitle(LoginPage.java:31)
at orangeHRM.pages.LoginPage.getPageTitle(LoginPage.java:31)
at orangeHRM.pages.LoginPage.getPageTitle(LoginPage.java:31)
at orangeHRM.pages.LoginPage.getPageTitle(LoginPage.java:31)
at orangeHRM.pages.LoginPage.getPageTitle(LoginPage.java:31)
at orangeHRM.pages.LoginPage.getPageTitle(LoginPage.java:31)
at orangeHRM.pages.LoginPage.getPageTitle(LoginPage.java:31)
at orangeHRM.pages.LoginPage.getPageTitle(LoginPage.java:31)
at orangeHRM.pages.LoginPage.getPageTitle(LoginPage.java:31)
at orangeHRM.pages.LoginPage.getPageTitle(LoginPage.java:31)
at orangeHRM.pages.LoginPage.getPageTitle(LoginPage.java:31)
at orangeHRM.pages.LoginPage.getPageTitle(LoginPage.java:31)
at orangeHRM.pages.LoginPage.getPageTitle(LoginPage.java:31)
at orangeHRM.pages.LoginPage.getPageTitle(LoginPage.java:31)
at orangeHRM.pages.LoginPage.getPageTitle(LoginPage.java:31)
at orangeHRM.pages.LoginPage.getPageTitle(LoginPage.java:31)
at orangeHRM.pages.LoginPage.getPageTitle(LoginPage.java:31)
at orangeHRM.pages.LoginPage.getPageTitle(LoginPage.java:31)
at orangeHRM.pages.LoginPage.getPageTitle(LoginPage.java:31)
at orangeHRM.pages.LoginPage.getPageTitle(LoginPage.java:31)
at orangeHRM.pages.LoginPage.getPageTitle(LoginPage.java:31)
at orangeHRM.pages.LoginPage.getPageTitle(LoginPage.java:31)
at orangeHRM.pages.LoginPage.getPageTitle(LoginPage.java:31)
at orangeHRM.pages.LoginPage.getPageTitle(LoginPage.java:31)
at orangeHRM.pages.LoginPage.getPageTitle(LoginPage.java:31)
at orangeHRM.pages.LoginPage.getPageTitle(LoginPage.java:31)
at orangeHRM.pages.LoginPage.getPageTitle(LoginPage.java:31)
at orangeHRM.pages.LoginPage.getPageTitle(LoginPage.java:31)
at orangeHRM.pages.LoginPage.getPageTitle(LoginPage.java:31)
at orangeHRM.pages.LoginPage.getPageTitle(LoginPage.java:31)
at orangeHRM.pages.LoginPage.getPageTitle(LoginPage.java:31)
at orangeHRM.pages.LoginPage.getPageTitle(LoginPage.java:31)
at orangeHRM.pages.LoginPage.getPageTitle(LoginPage.java:31)
at orangeHRM.pages.LoginPage.getPageTitle(LoginPage.java:31)
at orangeHRM.pages.LoginPage.getPageTitle(LoginPage.java:31)
at orangeHRM.pages.LoginPage.getPageTitle(LoginPage.java:31)
at orangeHRM.pages.LoginPage.getPageTitle(LoginPage.java:31)
at orangeHRM.pages.LoginPage.getPageTitle(LoginPage.java:31)
at orangeHRM.pages.LoginPage.getPageTitle(LoginPage.java:31)
at orangeHRM.pages.LoginPage.getPageTitle(LoginPage.java:31)
at orangeHRM.pages.LoginPage.getPageTitle(LoginPage.java:31)
at orangeHRM.pages.LoginPage.getPageTitle(LoginPage.java:31)
at orangeHRM.pages.LoginPage.getPageTitle(LoginPage.java:31)
at orangeHRM.pages.LoginPage.getPageTitle(LoginPage.java:31)
at orangeHRM.pages.LoginPage.getPageTitle(LoginPage.java:31)
at orangeHRM.pages.LoginPage.getPageTitle(LoginPage.java:31)
at orangeHRM.pages.LoginPage.getPageTitle(LoginPage.java:31)
at orangeHRM.pages.LoginPage.getPageTitle(LoginPage.java:31)
at orangeHRM.pages.LoginPage.getPageTitle(LoginPage.java:31)
at orangeHRM.pages.LoginPage.getPageTitle(LoginPage.java:31)
at orangeHRM.pages.LoginPage.getPageTitle(LoginPage.java:31)
at orangeHRM.pages.LoginPage.getPageTitle(LoginPage.java:31)
at orangeHRM.pages.LoginPage.getPageTitle(LoginPage.java:31)
at orangeHRM.pages.LoginPage.getPageTitle(LoginPage.java:31)
at orangeHRM.pages.LoginPage.getPageTitle(LoginPage.java:31)
at orangeHRM.pages.LoginPage.getPageTitle(LoginPage.java:31)
at orangeHRM.pages.LoginPage.getPageTitle(LoginPage.java:31)
at orangeHRM.pages.LoginPage.getPageTitle(LoginPage.java:31)
at orangeHRM.pages.LoginPage.getPageTitle(LoginPage.java:31)
at orangeHRM.pages.LoginPage.getPageTitle(LoginPage.java:31)
at orangeHRM.pages.LoginPage.getPageTitle(LoginPage.java:31)
at orangeHRM.pages.LoginPage.getPageTitle(LoginPage.java:31)
at orangeHRM.pages.LoginPage.getPageTitle(LoginPage.java:31)
at orangeHRM.pages.LoginPage.getPageTitle(LoginPage.java:31)
at orangeHRM.pages.LoginPage.getPageTitle(LoginPage.java:31)
at orangeHRM.pages.LoginPage.getPageTitle(LoginPage.java:31)
at orangeHRM.pages.LoginPage.getPageTitle(LoginPage.java:31)
at orangeHRM.pages.LoginPage.getPageTitle(LoginPage.java:31)
at orangeHRM.pages.LoginPage.getPageTitle(LoginPage.java:31)
at orangeHRM.pages.LoginPage.getPageTitle(LoginPage.java:31)
at orangeHRM.pages.LoginPage.getPageTitle(LoginPage.java:31)
at orangeHRM.pages.LoginPage.getPageTitle(LoginPage.java:31)
at orangeHRM.pages.LoginPage.getPageTitle(LoginPage.java:31)
at orangeHRM.pages.LoginPage.getPageTitle(LoginPage.java:31)
at orangeHRM.pages.LoginPage.getPageTitle(LoginPage.java:31)
at orangeHRM.pages.LoginPage.getPageTitle(LoginPage.java:31)
at orangeHRM.pages.LoginPage.getPageTitle(LoginPage.java:31)
at orangeHRM.pages.LoginPage.getPageTitle(LoginPage.java:31)
at orangeHRM.pages.LoginPage.getPageTitle(LoginPage.java:31)
at orangeHRM.pages.LoginPage.getPageTitle(LoginPage.java:31)
at orangeHRM.pages.LoginPage.getPageTitle(LoginPage.java:31)
at orangeHRM.pages.LoginPage.getPageTitle(LoginPage.java:31)
at orangeHRM.pages.LoginPage.getPageTitle(LoginPage.java:31)
at orangeHRM.pages.LoginPage.getPageTitle(LoginPage.java:31)
at orangeHRM.pages.LoginPage.getPageTitle(LoginPage.java:31)
at orangeHRM.pages.LoginPage.getPageTitle(LoginPage.java:31)
at orangeHRM.pages.LoginPage.getPageTitle(LoginPage.java:31)
at orangeHRM.pages.LoginPage.getPageTitle(LoginPage.java:31)
at orangeHRM.pages.LoginPage.getPageTitle(LoginPage.java:31)
at orangeHRM.pages.LoginPage.getPageTitle(LoginPage.java:31)
at orangeHRM.pages.LoginPage.getPageTitle(LoginPage.java:31)
at orangeHRM.pages.LoginPage.getPageTitle(LoginPage.java:31)
at orangeHRM.pages.LoginPage.getPageTitle(LoginPage.java:31)
at orangeHRM.pages.LoginPage.getPageTitle(LoginPage.java:31)
at orangeHRM.pages.LoginPage.getPageTitle(LoginPage.java:31)
at orangeHRM.pages.LoginPage.getPageTitle(LoginPage.java:31)
at orangeHRM.pages.LoginPage.getPageTitle(LoginPage.java:31)
at orangeHRM.pages.LoginPage.getPageTitle(LoginPage.java:31)
at orangeHRM.pages.LoginPage.getPageTitle(LoginPage.java:31)
at orangeHRM.pages.LoginPage.getPageTitle(LoginPage.java:31)
at orangeHRM.pages.LoginPage.getPageTitle(LoginPage.java:31)
at orangeHRM.pages.LoginPage.getPageTitle(LoginPage.java:31)
at orangeHRM.pages.LoginPage.getPageTitle(LoginPage.java:31)
at orangeHRM.pages.LoginPage.getPageTitle(LoginPage.java:31)
at orangeHRM.pages.LoginPage.getPageTitle(LoginPage.java:31)
at orangeHRM.pages.LoginPage.getPageTitle(LoginPage.java:31)
at orangeHRM.pages.LoginPage.getPageTitle(LoginPage.java:31)
at orangeHRM.pages.LoginPage.getPageTitle(LoginPage.java:31)
at orangeHRM.pages.LoginPage.getPageTitle(LoginPage.java:31)
at orangeHRM.pages.LoginPage.getPageTitle(LoginPage.java:31)
at orangeHRM.pages.LoginPage.getPageTitle(LoginPage.java:31)
at orangeHRM.pages.LoginPage.getPageTitle(LoginPage.java:31)
at orangeHRM.pages.LoginPage.getPageTitle(LoginPage.java:31)
at orangeHRM.pages.LoginPage.getPageTitle(LoginPage.java:31)
at orangeHRM.pages.LoginPage.getPageTitle(LoginPage.java:31)
at orangeHRM.pages.LoginPage.getPageTitle(LoginPage.java:31)
at orangeHRM.pages.LoginPage.getPageTitle(LoginPage.java:31)
at orangeHRM.pages.LoginPage.getPageTitle(LoginPage.java:31)
at orangeHRM.pages.LoginPage.getPageTitle(LoginPage.java:31)
at orangeHRM.pages.LoginPage.getPageTitle(LoginPage.java:31)
at orangeHRM.pages.LoginPage.getPageTitle(LoginPage.java:31)
at orangeHRM.pages.LoginPage.getPageTitle(LoginPage.java:31)
at orangeHRM.pages.LoginPage.getPageTitle(LoginPage.java:31)
at orangeHRM.pages.LoginPage.getPageTitle(LoginPage.java:31)
at orangeHRM.pages.LoginPage.getPageTitle(LoginPage.java:31)
at orangeHRM.pages.LoginPage.getPageTitle(LoginPage.java:31)
at orangeHRM.pages.LoginPage.getPageTitle(LoginPage.java:31)
at orangeHRM.pages.LoginPage.getPageTitle(LoginPage.java:31)
at orangeHRM.pages.LoginPage.getPageTitle(LoginPage.java:31)
at orangeHRM.pages.LoginPage.getPageTitle(LoginPage.java:31)
at orangeHRM.pages.LoginPage.getPageTitle(LoginPage.java:31)
at orangeHRM.pages.LoginPage.getPageTitle(LoginPage.java:31)
at orangeHRM.pages.LoginPage.getPageTitle(LoginPage.java:31)
at orangeHRM.pages.LoginPage.getPageTitle(LoginPage.java:31)
at orangeHRM.pages.LoginPage.getPageTitle(LoginPage.java:31)
at orangeHRM.pages.LoginPage.getPageTitle(LoginPage.java:31)
at orangeHRM.pages.LoginPage.getPageTitle(LoginPage.java:31)
at orangeHRM.pages.LoginPage.getPageTitle(LoginPage.java:31)
at orangeHRM.pages.LoginPage.getPageTitle(LoginPage.java:31)
at orangeHRM.pages.LoginPage.getPageTitle(LoginPage.java:31)
at orangeHRM.pages.LoginPage.getPageTitle(LoginPage.java:31)
at orangeHRM.pages.LoginPage.getPageTitle(LoginPage.java:31)
at orangeHRM.pages.LoginPage.getPageTitle(LoginPage.java:31)
at orangeHRM.pages.LoginPage.getPageTitle(LoginPage.java:31)
at orangeHRM.pages.LoginPage.getPageTitle(LoginPage.java:31)
at orangeHRM.pages.LoginPage.getPageTitle(LoginPage.java:31)
at orangeHRM.pages.LoginPage.getPageTitle(LoginPage.java:31)
at orangeHRM.pages.LoginPage.getPageTitle(LoginPage.java:31)
at orangeHRM.pages.LoginPage.getPageTitle(LoginPage.java:31)
at orangeHRM.pages.LoginPage.getPageTitle(LoginPage.java:31)
at orangeHRM.pages.LoginPage.getPageTitle(LoginPage.java:31)
at orangeHRM.pages.LoginPage.getPageTitle(LoginPage.java:31)
at orangeHRM.pages.LoginPage.getPageTitle(LoginPage.java:31)
at orangeHRM.pages.LoginPage.getPageTitle(LoginPage.java:31)
at orangeHRM.pages.LoginPage.getPageTitle(LoginPage.java:31)
at orangeHRM.pages.LoginPage.getPageTitle(LoginPage.java:31)
at orangeHRM.pages.LoginPage.getPageTitle(LoginPage.java:31)
at orangeHRM.pages.LoginPage.getPageTitle(LoginPage.java:31)
at orangeHRM.pages.LoginPage.getPageTitle(LoginPage.java:31)
at orangeHRM.pages.LoginPage.getPageTitle(LoginPage.java:31)
at orangeHRM.pages.LoginPage.getPageTitle(LoginPage.java:31)
at orangeHRM.pages.LoginPage.getPageTitle(LoginPage.java:31)
at orangeHRM.pages.LoginPage.getPageTitle(LoginPage.java:31)
at orangeHRM.pages.LoginPage.getPageTitle(LoginPage.java:31)
at orangeHRM.pages.LoginPage.getPageTitle(LoginPage.java:31)
at orangeHRM.pages.LoginPage.getPageTitle(LoginPage.java:31)
at orangeHRM.pages.LoginPage.getPageTitle(LoginPage.java:31)
at orangeHRM.pages.LoginPage.getPageTitle(LoginPage.java:31)
at orangeHRM.pages.LoginPage.getPageTitle(LoginPage.java:31)
at orangeHRM.pages.LoginPage.getPageTitle(LoginPage.java:31)
at orangeHRM.pages.LoginPage.getPageTitle(LoginPage.java:31)
at orangeHRM.pages.LoginPage.getPageTitle(LoginPage.java:31)
at orangeHRM.pages.LoginPage.getPageTitle(LoginPage.java:31)
at orangeHRM.pages.LoginPage.getPageTitle(LoginPage.java:31)
at orangeHRM.pages.LoginPage.getPageTitle(LoginPage.java:31)
at orangeHRM.pages.LoginPage.getPageTitle(LoginPage.java:31)
at orangeHRM.pages.LoginPage.getPageTitle(LoginPage.java:31)
at orangeHRM.pages.LoginPage.getPageTitle(LoginPage.java:31)
at orangeHRM.pages.LoginPage.getPageTitle(LoginPage.java:31)
at orangeHRM.pages.LoginPage.getPageTitle(LoginPage.java:31)
at orangeHRM.pages.LoginPage.getPageTitle(LoginPage.java:31)
at orangeHRM.pages.LoginPage.getPageTitle(LoginPage.java:31)
at orangeHRM.pages.LoginPage.getPageTitle(LoginPage.java:31)
at orangeHRM.pages.LoginPage.getPageTitle(LoginPage.java:31)
at orangeHRM.pages.LoginPage.getPageTitle(LoginPage.java:31)
at orangeHRM.pages.LoginPage.getPageTitle(LoginPage.java:31)
at orangeHRM.pages.LoginPage.getPageTitle(LoginPage.java:31)
at orangeHRM.pages.LoginPage.getPageTitle(LoginPage.java:31)
at orangeHRM.pages.LoginPage.getPageTitle(LoginPage.java:31)
at orangeHRM.pages.LoginPage.getPageTitle(LoginPage.java:31)
at orangeHRM.pages.LoginPage.getPageTitle(LoginPage.java:31)
at orangeHRM.pages.LoginPage.getPageTitle(LoginPage.java:31)
at orangeHRM.pages.LoginPage.getPageTitle(LoginPage.java:31)
at orangeHRM.pages.LoginPage.getPageTitle(LoginPage.java:31)
at orangeHRM.pages.LoginPage.getPageTitle(LoginPage.java:31)
at orangeHRM.pages.LoginPage.getPageTitle(LoginPage.java:31)
at orangeHRM.pages.LoginPage.getPageTitle(LoginPage.java:31)
at orangeHRM.pages.LoginPage.getPageTitle(LoginPage.java:31)
at orangeHRM.pages.LoginPage.getPageTitle(LoginPage.java:31)
at orangeHRM.pages.LoginPage.getPageTitle(LoginPage.java:31)
at orangeHRM.pages.LoginPage.getPageTitle(LoginPage.java:31)
at orangeHRM.pages.LoginPage.getPageTitle(LoginPage.java:31)
at orangeHRM.pages.LoginPage.getPageTitle(LoginPage.java:31)
at orangeHRM.pages.LoginPage.getPageTitle(LoginPage.java:31)
at orangeHRM.pages.LoginPage.getPageTitle(LoginPage.java:31)
at orangeHRM.pages.LoginPage.getPageTitle(LoginPage.java:31)
at orangeHRM.pages.LoginPage.getPageTitle(LoginPage.java:31)
at orangeHRM.pages.LoginPage.getPageTitle(LoginPage.java:31)
at orangeHRM.pages.LoginPage.getPageTitle(LoginPage.java:31)
at orangeHRM.pages.LoginPage.getPageTitle(LoginPage.java:31)
at orangeHRM.pages.LoginPage.getPageTitle(LoginPage.java:31)
at orangeHRM.pages.LoginPage.getPageTitle(LoginPage.java:31)
at orangeHRM.pages.LoginPage.getPageTitle(LoginPage.java:31)
at orangeHRM.pages.LoginPage.getPageTitle(LoginPage.java:31)
at orangeHRM.pages.LoginPage.getPageTitle(LoginPage.java:31)
at orangeHRM.pages.LoginPage.getPageTitle(LoginPage.java:31)
at orangeHRM.pages.LoginPage.getPageTitle(LoginPage.java:31)
at orangeHRM.pages.LoginPage.getPageTitle(LoginPage.java:31)
at orangeHRM.pages.LoginPage.getPageTitle(LoginPage.java:31)
at orangeHRM.pages.LoginPage.getPageTitle(LoginPage.java:31)
at orangeHRM.pages.LoginPage.getPageTitle(LoginPage.java:31)
at orangeHRM.pages.LoginPage.getPageTitle(LoginPage.java:31)
at orangeHRM.pages.LoginPage.getPageTitle(LoginPage.java:31)
at orangeHRM.pages.LoginPage.getPageTitle(LoginPage.java:31)
at orangeHRM.pages.LoginPage.getPageTitle(LoginPage.java:31)
at orangeHRM.pages.LoginPage.getPageTitle(LoginPage.java:31)
at orangeHRM.pages.LoginPage.getPageTitle(LoginPage.java:31)
at orangeHRM.pages.LoginPage.getPageTitle(LoginPage.java:31)
at orangeHRM.pages.LoginPage.getPageTitle(LoginPage.java:31)
at orangeHRM.pages.LoginPage.getPageTitle(LoginPage.java:31)
at orangeHRM.pages.LoginPage.getPageTitle(LoginPage.java:31)
at orangeHRM.pages.LoginPage.getPageTitle(LoginPage.java:31)
at orangeHRM.pages.LoginPage.getPageTitle(LoginPage.java:31)
at orangeHRM.pages.LoginPage.getPageTitle(LoginPage.java:31)
at orangeHRM.pages.LoginPage.getPageTitle(LoginPage.java:31)
at orangeHRM.pages.LoginPage.getPageTitle(LoginPage.java:31)
at orangeHRM.pages.LoginPage.getPageTitle(LoginPage.java:31)
at orangeHRM.pages.LoginPage.getPageTitle(LoginPage.java:31)
at orangeHRM.pages.LoginPage.getPageTitle(LoginPage.java:31)
at orangeHRM.pages.LoginPage.getPageTitle(LoginPage.java:31)
at orangeHRM.pages.LoginPage.getPageTitle(LoginPage.java:31)
at orangeHRM.pages.LoginPage.getPageTitle(LoginPage.java:31)
at orangeHRM.pages.LoginPage.getPageTitle(LoginPage.java:31)
at orangeHRM.pages.LoginPage.getPageTitle(LoginPage.java:31)
at orangeHRM.pages.LoginPage.getPageTitle(LoginPage.java:31)
at orangeHRM.pages.LoginPage.getPageTitle(LoginPage.java:31)
at orangeHRM.pages.LoginPage.getPageTitle(LoginPage.java:31)
at orangeHRM.pages.LoginPage.getPageTitle(LoginPage.java:31)
at orangeHRM.pages.LoginPage.getPageTitle(LoginPage.java:31)
at orangeHRM.pages.LoginPage.getPageTitle(LoginPage.java:31)
at orangeHRM.pages.LoginPage.getPageTitle(LoginPage.java:31)
at orangeHRM.pages.LoginPage.getPageTitle(LoginPage.java:31)
at orangeHRM.pages.LoginPage.getPageTitle(LoginPage.java:31)
at orangeHRM.pages.LoginPage.getPageTitle(LoginPage.java:31)
at orangeHRM.pages.LoginPage.getPageTitle(LoginPage.java:31)
at orangeHRM.pages.LoginPage.getPageTitle(LoginPage.java:31)
at orangeHRM.pages.LoginPage.getPageTitle(LoginPage.java:31)
at orangeHRM.pages.LoginPage.getPageTitle(LoginPage.java:31)
at orangeHRM.pages.LoginPage.getPageTitle(LoginPage.java:31)
at orangeHRM.pages.LoginPage.getPageTitle(LoginPage.java:31)
at orangeHRM.pages.LoginPage.getPageTitle(LoginPage.java:31)
at orangeHRM.pages.LoginPage.getPageTitle(LoginPage.java:31)
at orangeHRM.pages.LoginPage.getPageTitle(LoginPage.java:31)
at orangeHRM.pages.LoginPage.getPageTitle(LoginPage.java:31)
at orangeHRM.pages.LoginPage.getPageTitle(LoginPage.java:31)
at orangeHRM.pages.LoginPage.getPageTitle(LoginPage.java:31)
at orangeHRM.pages.LoginPage.getPageTitle(LoginPage.java:31)
at orangeHRM.pages.LoginPage.getPageTitle(LoginPage.java:31)
at orangeHRM.pages.LoginPage.getPageTitle(LoginPage.java:31)
at orangeHRM.pages.LoginPage.getPageTitle(LoginPage.java:31)
at orangeHRM.pages.LoginPage.getPageTitle(LoginPage.java:31)
at orangeHRM.pages.LoginPage.getPageTitle(LoginPage.java:31)
at orangeHRM.pages.LoginPage.getPageTitle(LoginPage.java:31)
at orangeHRM.pages.LoginPage.getPageTitle(LoginPage.java:31)
at orangeHRM.pages.LoginPage.getPageTitle(LoginPage.java:31)
at orangeHRM.pages.LoginPage.getPageTitle(LoginPage.java:31)
at orangeHRM.pages.LoginPage.getPageTitle(LoginPage.java:31)
at orangeHRM.pages.LoginPage.getPageTitle(LoginPage.java:31)
at orangeHRM.pages.LoginPage.getPageTitle(LoginPage.java:31)
at orangeHRM.pages.LoginPage.getPageTitle(LoginPage.java:31)
at orangeHRM.pages.LoginPage.getPageTitle(LoginPage.java:31)
at orangeHRM.pages.LoginPage.getPageTitle(LoginPage.java:31)
at orangeHRM.pages.LoginPage.getPageTitle(LoginPage.java:31)
at orangeHRM.pages.LoginPage.getPageTitle(LoginPage.java:31)
at orangeHRM.pages.LoginPage.getPageTitle(LoginPage.java:31)
at orangeHRM.pages.LoginPage.getPageTitle(LoginPage.java:31)
at orangeHRM.pages.LoginPage.getPageTitle(LoginPage.java:31)
at orangeHRM.pages.LoginPage.getPageTitle(LoginPage.java:31)
at orangeHRM.pages.LoginPage.getPageTitle(LoginPage.java:31)
at orangeHRM.pages.LoginPage.getPageTitle(LoginPage.java:31)
at orangeHRM.pages.LoginPage.getPageTitle(LoginPage.java:31)
at orangeHRM.pages.LoginPage.getPageTitle(LoginPage.java:31)
at orangeHRM.pages.LoginPage.getPageTitle(LoginPage.java:31)
at orangeHRM.pages.LoginPage.getPageTitle(LoginPage.java:31)
at orangeHRM.pages.LoginPage.getPageTitle(LoginPage.java:31)
at orangeHRM.pages.LoginPage.getPageTitle(LoginPage.java:31)
at orangeHRM.pages.LoginPage.getPageTitle(LoginPage.java:31)
at orangeHRM.pages.LoginPage.getPageTitle(LoginPage.java:31)
at orangeHRM.pages.LoginPage.getPageTitle(LoginPage.java:31)
at orangeHRM.pages.LoginPage.getPageTitle(LoginPage.java:31)
at orangeHRM.pages.LoginPage.getPageTitle(LoginPage.java:31)
at orangeHRM.pages.LoginPage.getPageTitle(LoginPage.java:31)
at orangeHRM.pages.LoginPage.getPageTitle(LoginPage.java:31)
at orangeHRM.pages.LoginPage.getPageTitle(LoginPage.java:31)
at orangeHRM.pages.LoginPage.getPageTitle(LoginPage.java:31)
at orangeHRM.pages.LoginPage.getPageTitle(LoginPage.java:31)
at orangeHRM.pages.LoginPage.getPageTitle(LoginPage.java:31)
at orangeHRM.pages.LoginPage.getPageTitle(LoginPage.java:31)
at orangeHRM.pages.LoginPage.getPageTitle(LoginPage.java:31)
at orangeHRM.pages.LoginPage.getPageTitle(LoginPage.java:31)
at orangeHRM.pages.LoginPage.getPageTitle(LoginPage.java:31)
at orangeHRM.pages.LoginPage.getPageTitle(LoginPage.java:31)
at orangeHRM.pages.LoginPage.getPageTitle(LoginPage.java:31)
at orangeHRM.pages.LoginPage.getPageTitle(LoginPage.java:31)
at orangeHRM.pages.LoginPage.getPageTitle(LoginPage.java:31)
at orangeHRM.pages.LoginPage.getPageTitle(LoginPage.java:31)
at orangeHRM.pages.LoginPage.getPageTitle(LoginPage.java:31)
at orangeHRM.pages.LoginPage.getPageTitle(LoginPage.java:31)
at orangeHRM.pages.LoginPage.getPageTitle(LoginPage.java:31)
at orangeHRM.pages.LoginPage.getPageTitle(LoginPage.java:31)
at orangeHRM.pages.LoginPage.getPageTitle(LoginPage.java:31)
at orangeHRM.pages.LoginPage.getPageTitle(LoginPage.java:31)
at orangeHRM.pages.LoginPage.getPageTitle(LoginPage.java:31)
at orangeHRM.pages.LoginPage.getPageTitle(LoginPage.java:31)
at orangeHRM.pages.LoginPage.getPageTitle(LoginPage.java:31)
at orangeHRM.pages.LoginPage.getPageTitle(LoginPage.java:31)
at orangeHRM.pages.LoginPage.getPageTitle(LoginPage.java:31)
at orangeHRM.pages.LoginPage.getPageTitle(LoginPage.java:31)
at orangeHRM.pages.LoginPage.getPageTitle(LoginPage.java:31)
at orangeHRM.pages.LoginPage.getPageTitle(LoginPage.java:31)
at orangeHRM.pages.LoginPage.getPageTitle(LoginPage.java:31)
at orangeHRM.pages.LoginPage.getPageTitle(LoginPage.java:31)
at orangeHRM.pages.LoginPage.getPageTitle(LoginPage.java:31)
at orangeHRM.pages.LoginPage.getPageTitle(LoginPage.java:31)
at orangeHRM.pages.LoginPage.getPageTitle(LoginPage.java:31)
at orangeHRM.pages.LoginPage.getPageTitle(LoginPage.java:31)
at orangeHRM.pages.LoginPage.getPageTitle(LoginPage.java:31)
at orangeHRM.pages.LoginPage.getPageTitle(LoginPage.java:31)
at orangeHRM.pages.LoginPage.getPageTitle(LoginPage.java:31)
at orangeHRM.pages.LoginPage.getPageTitle(LoginPage.java:31)
at orangeHRM.pages.LoginPage.getPageTitle(LoginPage.java:31)
at orangeHRM.pages.LoginPage.getPageTitle(LoginPage.java:31)
at orangeHRM.pages.LoginPage.getPageTitle(LoginPage.java:31)
at orangeHRM.pages.LoginPage.getPageTitle(LoginPage.java:31)
at orangeHRM.pages.LoginPage.getPageTitle(LoginPage.java:31)
at orangeHRM.pages.LoginPage.getPageTitle(LoginPage.java:31)
at orangeHRM.pages.LoginPage.getPageTitle(LoginPage.java:31)
at orangeHRM.pages.LoginPage.getPageTitle(LoginPage.java:31)
at orangeHRM.pages.LoginPage.getPageTitle(LoginPage.java:31)
at orangeHRM.pages.LoginPage.getPageTitle(LoginPage.java:31)
at orangeHRM.pages.LoginPage.getPageTitle(LoginPage.java:31)
at orangeHRM.pages.LoginPage.getPageTitle(LoginPage.java:31)
at orangeHRM.pages.LoginPage.getPageTitle(LoginPage.java:31)
at orangeHRM.pages.LoginPage.getPageTitle(LoginPage.java:31)
at orangeHRM.pages.LoginPage.getPageTitle(LoginPage.java:31)
at orangeHRM.pages.LoginPage.getPageTitle(LoginPage.java:31)
at orangeHRM.pages.LoginPage.getPageTitle(LoginPage.java:31)
at orangeHRM.pages.LoginPage.getPageTitle(LoginPage.java:31)
at orangeHRM.pages.LoginPage.getPageTitle(LoginPage.java:31)
at orangeHRM.pages.LoginPage.getPageTitle(LoginPage.java:31)
at orangeHRM.pages.LoginPage.getPageTitle(LoginPage.java:31)
at orangeHRM.pages.LoginPage.getPageTitle(LoginPage.java:31)
at orangeHRM.pages.LoginPage.getPageTitle(LoginPage.java:31)
at orangeHRM.pages.LoginPage.getPageTitle(LoginPage.java:31)
at orangeHRM.pages.LoginPage.getPageTitle(LoginPage.java:31)
at orangeHRM.pages.LoginPage.getPageTitle(LoginPage.java:31)
at orangeHRM.pages.LoginPage.getPageTitle(LoginPage.java:31)
at orangeHRM.pages.LoginPage.getPageTitle(LoginPage.java:31)
at orangeHRM.pages.LoginPage.getPageTitle(LoginPage.java:31)
at orangeHRM.pages.LoginPage.getPageTitle(LoginPage.java:31)
at orangeHRM.pages.LoginPage.getPageTitle(LoginPage.java:31)
at orangeHRM.pages.LoginPage.getPageTitle(LoginPage.java:31)
at orangeHRM.pages.LoginPage.getPageTitle(LoginPage.java:31)
at orangeHRM.pages.LoginPage.getPageTitle(LoginPage.java:31)
at orangeHRM.pages.LoginPage.getPageTitle(LoginPage.java:31)
at orangeHRM.pages.LoginPage.getPageTitle(LoginPage.java:31)
at orangeHRM.pages.LoginPage.getPageTitle(LoginPage.java:31)
at orangeHRM.pages.LoginPage.getPageTitle(LoginPage.java:31)
at orangeHRM.pages.LoginPage.getPageTitle(LoginPage.java:31)
at orangeHRM.pages.LoginPage.getPageTitle(LoginPage.java:31)
at orangeHRM.pages.LoginPage.getPageTitle(LoginPage.java:31)
at orangeHRM.pages.LoginPage.getPageTitle(LoginPage.java:31)
at orangeHRM.pages.LoginPage.getPageTitle(LoginPage.java:31)
at orangeHRM.pages.LoginPage.getPageTitle(LoginPage.java:31)
at orangeHRM.pages.LoginPage.getPageTitle(LoginPage.java:31)
at orangeHRM.pages.LoginPage.getPageTitle(LoginPage.java:31)
at orangeHRM.pages.LoginPage.getPageTitle(LoginPage.java:31)
at orangeHRM.pages.LoginPage.getPageTitle(LoginPage.java:31)
at orangeHRM.pages.LoginPage.getPageTitle(LoginPage.java:31)
at orangeHRM.pages.LoginPage.getPageTitle(LoginPage.java:31)
at orangeHRM.pages.LoginPage.getPageTitle(LoginPage.java:31)
at orangeHRM.pages.LoginPage.getPageTitle(LoginPage.java:31)
at orangeHRM.pages.LoginPage.getPageTitle(LoginPage.java:31)
at orangeHRM.pages.LoginPage.getPageTitle(LoginPage.java:31)
at orangeHRM.pages.LoginPage.getPageTitle(LoginPage.java:31)
at orangeHRM.pages.LoginPage.getPageTitle(LoginPage.java:31)
at orangeHRM.pages.LoginPage.getPageTitle(LoginPage.java:31)
at orangeHRM.pages.LoginPage.getPageTitle(LoginPage.java:31)
at orangeHRM.pages.LoginPage.getPageTitle(LoginPage.java:31)
at orangeHRM.pages.LoginPage.getPageTitle(LoginPage.java:31)
at orangeHRM.pages.LoginPage.getPageTitle(LoginPage.java:31)
at orangeHRM.pages.LoginPage.getPageTitle(LoginPage.java:31)
at orangeHRM.pages.LoginPage.getPageTitle(LoginPage.java:31)
at orangeHRM.pages.LoginPage.getPageTitle(LoginPage.java:31)
at orangeHRM.pages.LoginPage.getPageTitle(LoginPage.java:31)
at orangeHRM.pages.LoginPage.getPageTitle(LoginPage.java:31)
at orangeHRM.pages.LoginPage.getPageTitle(LoginPage.java:31)
at orangeHRM.pages.LoginPage.getPageTitle(LoginPage.java:31)
at orangeHRM.pages.LoginPage.getPageTitle(LoginPage.java:31)
at orangeHRM.pages.LoginPage.getPageTitle(LoginPage.java:31)
at orangeHRM.pages.LoginPage.getPageTitle(LoginPage.java:31)
at orangeHRM.pages.LoginPage.getPageTitle(LoginPage.java:31)
at orangeHRM.pages.LoginPage.getPageTitle(LoginPage.java:31)
at orangeHRM.pages.LoginPage.getPageTitle(LoginPage.java:31)
at orangeHRM.pages.LoginPage.getPageTitle(LoginPage.java:31)
at orangeHRM.pages.LoginPage.getPageTitle(LoginPage.java:31)
at orangeHRM.pages.LoginPage.getPageTitle(LoginPage.java:31)
at orangeHRM.pages.LoginPage.getPageTitle(LoginPage.java:31)
at orangeHRM.pages.LoginPage.getPageTitle(LoginPage.java:31)
at orangeHRM.pages.LoginPage.getPageTitle(LoginPage.java:31)
at orangeHRM.pages.LoginPage.getPageTitle(LoginPage.java:31)
at orangeHRM.pages.LoginPage.getPageTitle(LoginPage.java:31)
at orangeHRM.pages.LoginPage.getPageTitle(LoginPage.java:31)
at orangeHRM.pages.LoginPage.getPageTitle(LoginPage.java:31)
at orangeHRM.pages.LoginPage.getPageTitle(LoginPage.java:31)
at orangeHRM.pages.LoginPage.getPageTitle(LoginPage.java:31)
at orangeHRM.pages.LoginPage.getPageTitle(LoginPage.java:31)
at orangeHRM.pages.LoginPage.getPageTitle(LoginPage.java:31)
at orangeHRM.pages.LoginPage.getPageTitle(LoginPage.java:31)
at orangeHRM.pages.LoginPage.getPageTitle(LoginPage.java:31)
at orangeHRM.pages.LoginPage.getPageTitle(LoginPage.java:31)
at orangeHRM.pages.LoginPage.getPageTitle(LoginPage.java:31)
at orangeHRM.pages.LoginPage.getPageTitle(LoginPage.java:31)
at orangeHRM.pages.LoginPage.getPageTitle(LoginPage.java:31)
at orangeHRM.pages.LoginPage.getPageTitle(LoginPage.java:31)
at orangeHRM.pages.LoginPage.getPageTitle(LoginPage.java:31)
at orangeHRM.pages.LoginPage.getPageTitle(LoginPage.java:31)
at orangeHRM.pages.LoginPage.getPageTitle(LoginPage.java:31)
at orangeHRM.pages.LoginPage.getPageTitle(LoginPage.java:31)
at orangeHRM.pages.LoginPage.getPageTitle(LoginPage.java:31)
at orangeHRM.pages.LoginPage.getPageTitle(LoginPage.java:31)
at orangeHRM.pages.LoginPage.getPageTitle(LoginPage.java:31)
at orangeHRM.pages.LoginPage.getPageTitle(LoginPage.java:31)
at orangeHRM.pages.LoginPage.getPageTitle(LoginPage.java:31)
at orangeHRM.pages.LoginPage.getPageTitle(LoginPage.java:31)
at orangeHRM.pages.LoginPage.getPageTitle(LoginPage.java:31)
at orangeHRM.pages.LoginPage.getPageTitle(LoginPage.java:31)
at orangeHRM.pages.LoginPage.getPageTitle(LoginPage.java:31)
at orangeHRM.pages.LoginPage.getPageTitle(LoginPage.java:31)
at orangeHRM.pages.LoginPage.getPageTitle(LoginPage.java:31)
at orangeHRM.pages.LoginPage.getPageTitle(LoginPage.java:31)
at orangeHRM.pages.LoginPage.getPageTitle(LoginPage.java:31)
at orangeHRM.pages.LoginPage.getPageTitle(LoginPage.java:31)
at orangeHRM.pages.LoginPage.getPageTitle(LoginPage.java:31)
at orangeHRM.pages.LoginPage.getPageTitle(LoginPage.java:31)
at orangeHRM.pages.LoginPage.getPageTitle(LoginPage.java:31)
at orangeHRM.pages.LoginPage.getPageTitle(LoginPage.java:31)
at orangeHRM.pages.LoginPage.getPageTitle(LoginPage.java:31)
at orangeHRM.pages.LoginPage.getPageTitle(LoginPage.java:31)
at orangeHRM.pages.LoginPage.getPageTitle(LoginPage.java:31)
at orangeHRM.pages.LoginPage.getPageTitle(LoginPage.java:31)
at orangeHRM.pages.LoginPage.getPageTitle(LoginPage.java:31)
at orangeHRM.pages.LoginPage.getPageTitle(LoginPage.java:31)
at orangeHRM.pages.LoginPage.getPageTitle(LoginPage.java:31)
at orangeHRM.pages.LoginPage.getPageTitle(LoginPage.java:31)
at orangeHRM.pages.LoginPage.getPageTitle(LoginPage.java:31)
at orangeHRM.pages.LoginPage.getPageTitle(LoginPage.java:31)
at orangeHRM.pages.LoginPage.getPageTitle(LoginPage.java:31)
at orangeHRM.pages.LoginPage.getPageTitle(LoginPage.java:31)
at orangeHRM.pages.LoginPage.getPageTitle(LoginPage.java:31)
at orangeHRM.pages.LoginPage.getPageTitle(LoginPage.java:31)
at orangeHRM.pages.LoginPage.getPageTitle(LoginPage.java:31)
at orangeHRM.pages.LoginPage.getPageTitle(LoginPage.java:31)
at orangeHRM.pages.LoginPage.getPageTitle(LoginPage.java:31)
at orangeHRM.pages.LoginPage.getPageTitle(LoginPage.java:31)
at orangeHRM.pages.LoginPage.getPageTitle(LoginPage.java:31)
at orangeHRM.pages.LoginPage.getPageTitle(LoginPage.java:31)
at orangeHRM.pages.LoginPage.getPageTitle(LoginPage.java:31)
at orangeHRM.pages.LoginPage.getPageTitle(LoginPage.java:31)
at orangeHRM.pages.LoginPage.getPageTitle(LoginPage.java:31)
at orangeHRM.pages.LoginPage.getPageTitle(LoginPage.java:31)
at orangeHRM.pages.LoginPage.getPageTitle(LoginPage.java:31)
at orangeHRM.pages.LoginPage.getPageTitle(LoginPage.java:31)
at orangeHRM.pages.LoginPage.getPageTitle(LoginPage.java:31)
at orangeHRM.pages.LoginPage.getPageTitle(LoginPage.java:31)
at orangeHRM.pages.LoginPage.getPageTitle(LoginPage.java:31)
at orangeHRM.pages.LoginPage.getPageTitle(LoginPage.java:31)
at orangeHRM.pages.LoginPage.getPageTitle(LoginPage.java:31)
at orangeHRM.pages.LoginPage.getPageTitle(LoginPage.java:31)
at orangeHRM.pages.LoginPage.getPageTitle(LoginPage.java:31)
at orangeHRM.pages.LoginPage.getPageTitle(LoginPage.java:31)
at orangeHRM.pages.LoginPage.getPageTitle(LoginPage.java:31)
at orangeHRM.pages.LoginPage.getPageTitle(LoginPage.java:31)
at orangeHRM.pages.LoginPage.getPageTitle(LoginPage.java:31)
at orangeHRM.pages.LoginPage.getPageTitle(LoginPage.java:31)
at orangeHRM.pages.LoginPage.getPageTitle(LoginPage.java:31)
at orangeHRM.pages.LoginPage.getPageTitle(LoginPage.java:31)
at orangeHRM.pages.LoginPage.getPageTitle(LoginPage.java:31)
at orangeHRM.pages.LoginPage.getPageTitle(LoginPage.java:31)
at orangeHRM.pages.LoginPage.getPageTitle(LoginPage.java:31)
at orangeHRM.pages.LoginPage.getPageTitle(LoginPage.java:31)
at orangeHRM.pages.LoginPage.getPageTitle(LoginPage.java:31)
at orangeHRM.pages.LoginPage.getPageTitle(LoginPage.java:31)
at orangeHRM.pages.LoginPage.getPageTitle(LoginPage.java:31)
at orangeHRM.pages.LoginPage.getPageTitle(LoginPage.java:31)
at orangeHRM.pages.LoginPage.getPageTitle(LoginPage.java:31)
at orangeHRM.pages.LoginPage.getPageTitle(LoginPage.java:31)
at orangeHRM.pages.LoginPage.getPageTitle(LoginPage.java:31)
at orangeHRM.pages.LoginPage.getPageTitle(LoginPage.java:31)
at orangeHRM.pages.LoginPage.getPageTitle(LoginPage.java:31)
at orangeHRM.pages.LoginPage.getPageTitle(LoginPage.java:31)
at orangeHRM.pages.LoginPage.getPageTitle(LoginPage.java:31)
at orangeHRM.pages.LoginPage.getPageTitle(LoginPage.java:31)
at orangeHRM.pages.LoginPage.getPageTitle(LoginPage.java:31)
at orangeHRM.pages.LoginPage.getPageTitle(LoginPage.java:31)
at orangeHRM.pages.LoginPage.getPageTitle(LoginPage.java:31)
at orangeHRM.pages.LoginPage.getPageTitle(LoginPage.java:31)
at orangeHRM.pages.LoginPage.getPageTitle(LoginPage.java:31)
at orangeHRM.pages.LoginPage.getPageTitle(LoginPage.java:31)
at orangeHRM.pages.LoginPage.getPageTitle(LoginPage.java:31)
at orangeHRM.pages.LoginPage.getPageTitle(LoginPage.java:31)
at orangeHRM.pages.LoginPage.getPageTitle(LoginPage.java:31)
at orangeHRM.pages.LoginPage.getPageTitle(LoginPage.java:31)
at orangeHRM.pages.LoginPage.getPageTitle(LoginPage.java:31)
at orangeHRM.pages.LoginPage.getPageTitle(LoginPage.java:31)
at orangeHRM.pages.LoginPage.getPageTitle(LoginPage.java:31)
at orangeHRM.pages.LoginPage.getPageTitle(LoginPage.java:31)
at orangeHRM.pages.LoginPage.getPageTitle(LoginPage.java:31)
at orangeHRM.pages.LoginPage.getPageTitle(LoginPage.java:31)
at orangeHRM.pages.LoginPage.getPageTitle(LoginPage.java:31)
at orangeHRM.pages.LoginPage.getPageTitle(LoginPage.java:31)
at orangeHRM.pages.LoginPage.getPageTitle(LoginPage.java:31)
at orangeHRM.pages.LoginPage.getPageTitle(LoginPage.java:31)
at orangeHRM.pages.LoginPage.getPageTitle(LoginPage.java:31)
at orangeHRM.pages.LoginPage.getPageTitle(LoginPage.java:31)
at orangeHRM.pages.LoginPage.getPageTitle(LoginPage.java:31)
at orangeHRM.pages.LoginPage.getPageTitle(LoginPage.java:31)
at orangeHRM.pages.LoginPage.getPageTitle(LoginPage.java:31)
at orangeHRM.pages.LoginPage.getPageTitle(LoginPage.java:31)
at orangeHRM.pages.LoginPage.getPageTitle(LoginPage.java:31)
at orangeHRM.pages.LoginPage.getPageTitle(LoginPage.java:31)
at orangeHRM.pages.LoginPage.getPageTitle(LoginPage.java:31)
at orangeHRM.pages.LoginPage.getPageTitle(LoginPage.java:31)
at orangeHRM.pages.LoginPage.getPageTitle(LoginPage.java:31)
at orangeHRM.pages.LoginPage.getPageTitle(LoginPage.java:31)
at orangeHRM.pages.LoginPage.getPageTitle(LoginPage.java:31)
at orangeHRM.pages.LoginPage.getPageTitle(LoginPage.java:31)
at orangeHRM.pages.LoginPage.getPageTitle(LoginPage.java:31)
at orangeHRM.pages.LoginPage.getPageTitle(LoginPage.java:31)
at orangeHRM.pages.LoginPage.getPageTitle(LoginPage.java:31)
at orangeHRM.pages.LoginPage.getPageTitle(LoginPage.java:31)
at orangeHRM.pages.LoginPage.getPageTitle(LoginPage.java:31)
at orangeHRM.pages.LoginPage.getPageTitle(LoginPage.java:31)
at orangeHRM.pages.LoginPage.getPageTitle(LoginPage.java:31)
at orangeHRM.pages.LoginPage.getPageTitle(LoginPage.java:31)
at orangeHRM.pages.LoginPage.getPageTitle(LoginPage.java:31)
at orangeHRM.pages.LoginPage.getPageTitle(LoginPage.java:31)
at orangeHRM.pages.LoginPage.getPageTitle(LoginPage.java:31)
at orangeHRM.pages.LoginPage.getPageTitle(LoginPage.java:31)
at orangeHRM.pages.LoginPage.getPageTitle(LoginPage.java:31)
at orangeHRM.pages.LoginPage.getPageTitle(LoginPage.java:31)
at orangeHRM.pages.LoginPage.getPageTitle(LoginPage.java:31)
at orangeHRM.pages.LoginPage.getPageTitle(LoginPage.java:31)
at orangeHRM.pages.LoginPage.getPageTitle(LoginPage.java:31)
at orangeHRM.pages.LoginPage.getPageTitle(LoginPage.java:31)
at orangeHRM.pages.LoginPage.getPageTitle(LoginPage.java:31)
at orangeHRM.pages.LoginPage.getPageTitle(LoginPage.java:31)
at orangeHRM.pages.LoginPage.getPageTitle(LoginPage.java:31)
at orangeHRM.pages.LoginPage.getPageTitle(LoginPage.java:31)
at orangeHRM.pages.LoginPage.getPageTitle(LoginPage.java:31)
at orangeHRM.pages.LoginPage.getPageTitle(LoginPage.java:31)
at orangeHRM.pages.LoginPage.getPageTitle(LoginPage.java:31)
at orangeHRM.pages.LoginPage.getPageTitle(LoginPage.java:31)
at orangeHRM.pages.LoginPage.getPageTitle(LoginPage.java:31)
at orangeHRM.pages.LoginPage.getPageTitle(LoginPage.java:31)
at orangeHRM.pages.LoginPage.getPageTitle(LoginPage.java:31)
at orangeHRM.pages.LoginPage.getPageTitle(LoginPage.java:31)
at orangeHRM.pages.LoginPage.getPageTitle(LoginPage.java:31)
at orangeHRM.pages.LoginPage.getPageTitle(LoginPage.java:31)
at orangeHRM.pages.LoginPage.getPageTitle(LoginPage.java:31)
at orangeHRM.pages.LoginPage.getPageTitle(LoginPage.java:31)
at orangeHRM.pages.LoginPage.getPageTitle(LoginPage.java:31)
at orangeHRM.pages.LoginPage.getPageTitle(LoginPage.java:31)
at orangeHRM.pages.LoginPage.getPageTitle(LoginPage.java:31)
at orangeHRM.pages.LoginPage.getPageTitle(LoginPage.java:31)
at orangeHRM.pages.LoginPage.getPageTitle(LoginPage.java:31)
at orangeHRM.pages.LoginPage.getPageTitle(LoginPage.java:31)
at orangeHRM.pages.LoginPage.getPageTitle(LoginPage.java:31)
at orangeHRM.pages.LoginPage.getPageTitle(LoginPage.java:31)
at orangeHRM.pages.LoginPage.getPageTitle(LoginPage.java:31)
at orangeHRM.pages.LoginPage.getPageTitle(LoginPage.java:31)
at orangeHRM.pages.LoginPage.getPageTitle(LoginPage.java:31)
at orangeHRM.pages.LoginPage.getPageTitle(LoginPage.java:31)
at orangeHRM.pages.LoginPage.getPageTitle(LoginPage.java:31)
at orangeHRM.pages.LoginPage.getPageTitle(LoginPage.java:31)
at orangeHRM.pages.LoginPage.getPageTitle(LoginPage.java:31)
at orangeHRM.pages.LoginPage.getPageTitle(LoginPage.java:31)
at orangeHRM.pages.LoginPage.getPageTitle(LoginPage.java:31)
at orangeHRM.pages.LoginPage.getPageTitle(LoginPage.java:31)
at orangeHRM.pages.LoginPage.getPageTitle(LoginPage.java:31)
at orangeHRM.pages.LoginPage.getPageTitle(LoginPage.java:31)
at orangeHRM.pages.LoginPage.getPageTitle(LoginPage.java:31)
at orangeHRM.pages.LoginPage.getPageTitle(LoginPage.java:31)
at orangeHRM.pages.LoginPage.getPageTitle(LoginPage.java:31)
at orangeHRM.pages.LoginPage.getPageTitle(LoginPage.java:31)
at orangeHRM.pages.LoginPage.getPageTitle(LoginPage.java:31)
at orangeHRM.pages.LoginPage.getPageTitle(LoginPage.java:31)
at orangeHRM.pages.LoginPage.getPageTitle(LoginPage.java:31)
at orangeHRM.pages.LoginPage.getPageTitle(LoginPage.java:31)
at orangeHRM.pages.LoginPage.getPageTitle(LoginPage.java:31)
at orangeHRM.pages.LoginPage.getPageTitle(LoginPage.java:31)
at orangeHRM.pages.LoginPage.getPageTitle(LoginPage.java:31)
at orangeHRM.pages.LoginPage.getPageTitle(LoginPage.java:31)
at orangeHRM.pages.LoginPage.getPageTitle(LoginPage.java:31)
at orangeHRM.pages.LoginPage.getPageTitle(LoginPage.java:31)
at orangeHRM.pages.LoginPage.getPageTitle(LoginPage.java:31)
at orangeHRM.pages.LoginPage.getPageTitle(LoginPage.java:31)
at orangeHRM.pages.LoginPage.getPageTitle(LoginPage.java:31)
at orangeHRM.pages.LoginPage.getPageTitle(LoginPage.java:31)
at orangeHRM.pages.LoginPage.getPageTitle(LoginPage.java:31)
at orangeHRM.pages.LoginPage.getPageTitle(LoginPage.java:31)
at orangeHRM.pages.LoginPage.getPageTitle(LoginPage.java:31)
at orangeHRM.pages.LoginPage.getPageTitle(LoginPage.java:31)
at orangeHRM.pages.LoginPage.getPageTitle(LoginPage.java:31)
at orangeHRM.pages.LoginPage.getPageTitle(LoginPage.java:31)
at orangeHRM.pages.LoginPage.getPageTitle(LoginPage.java:31)
at orangeHRM.pages.LoginPage.getPageTitle(LoginPage.java:31)
at orangeHRM.pages.LoginPage.getPageTitle(LoginPage.java:31)
at orangeHRM.pages.LoginPage.getPageTitle(LoginPage.java:31)
at orangeHRM.pages.LoginPage.getPageTitle(LoginPage.java:31)
at orangeHRM.pages.LoginPage.getPageTitle(LoginPage.java:31)
at orangeHRM.pages.LoginPage.getPageTitle(LoginPage.java:31)
at orangeHRM.pages.LoginPage.getPageTitle(LoginPage.java:31)
at orangeHRM.pages.LoginPage.getPageTitle(LoginPage.java:31)
at orangeHRM.pages.LoginPage.getPageTitle(LoginPage.java:31)
at orangeHRM.pages.LoginPage.getPageTitle(LoginPage.java:31)
at orangeHRM.pages.LoginPage.getPageTitle(LoginPage.java:31)
at orangeHRM.pages.LoginPage.getPageTitle(LoginPage.java:31)
at orangeHRM.pages.LoginPage.getPageTitle(LoginPage.java:31)
at orangeHRM.pages.LoginPage.getPageTitle(LoginPage.java:31)
at orangeHRM.pages.LoginPage.getPageTitle(LoginPage.java:31)
at orangeHRM.pages.LoginPage.getPageTitle(LoginPage.java:31)
at orangeHRM.pages.LoginPage.getPageTitle(LoginPage.java:31)
at orangeHRM.pages.LoginPage.getPageTitle(LoginPage.java:31)
at orangeHRM.pages.LoginPage.getPageTitle(LoginPage.java:31)
at orangeHRM.pages.LoginPage.getPageTitle(LoginPage.java:31)
at orangeHRM.pages.LoginPage.getPageTitle(LoginPage.java:31)
at orangeHRM.pages.LoginPage.getPageTitle(LoginPage.java:31)
at orangeHRM.pages.LoginPage.getPageTitle(LoginPage.java:31)
at orangeHRM.pages.LoginPage.getPageTitle(LoginPage.java:31)
at orangeHRM.pages.LoginPage.getPageTitle(LoginPage.java:31)
at orangeHRM.pages.LoginPage.getPageTitle(LoginPage.java:31)
at orangeHRM.pages.LoginPage.getPageTitle(LoginPage.java:31)
at orangeHRM.pages.LoginPage.getPageTitle(LoginPage.java:31)
at orangeHRM.pages.LoginPage.getPageTitle(LoginPage.java:31)
at orangeHRM.pages.LoginPage.getPageTitle(LoginPage.java:31)
at orangeHRM.pages.LoginPage.getPageTitle(LoginPage.java:31)
at orangeHRM.pages.LoginPage.getPageTitle(LoginPage.java:31)
at orangeHRM.pages.LoginPage.getPageTitle(LoginPage.java:31)
at orangeHRM.pages.LoginPage.getPageTitle(LoginPage.java:31)
at orangeHRM.pages.LoginPage.getPageTitle(LoginPage.java:31)
at orangeHRM.pages.LoginPage.getPageTitle(LoginPage.java:31)
at orangeHRM.pages.LoginPage.getPageTitle(LoginPage.java:31)
at orangeHRM.pages.LoginPage.getPageTitle(LoginPage.java:31)
at orangeHRM.pages.LoginPage.getPageTitle(LoginPage.java:31)
at orangeHRM.pages.LoginPage.getPageTitle(LoginPage.java:31)
at orangeHRM.pages.LoginPage.getPageTitle(LoginPage.java:31)
at orangeHRM.pages.LoginPage.getPageTitle(LoginPage.java:31)
at orangeHRM.pages.LoginPage.getPageTitle(LoginPage.java:31)
at orangeHRM.pages.LoginPage.getPageTitle(LoginPage.java:31)
at orangeHRM.pages.LoginPage.getPageTitle(LoginPage.java:31)
at orangeHRM.pages.LoginPage.getPageTitle(LoginPage.java:31)
at orangeHRM.pages.LoginPage.getPageTitle(LoginPage.java:31)
at orangeHRM.pages.LoginPage.getPageTitle(LoginPage.java:31)
at orangeHRM.pages.LoginPage.getPageTitle(LoginPage.java:31)
at orangeHRM.pages.LoginPage.getPageTitle(LoginPage.java:31)
at orangeHRM.pages.LoginPage.getPageTitle(LoginPage.java:31)
at orangeHRM.pages.LoginPage.getPageTitle(LoginPage.java:31)
at orangeHRM.pages.LoginPage.getPageTitle(LoginPage.java:31)
at orangeHRM.pages.LoginPage.getPageTitle(LoginPage.java:31)
at orangeHRM.pages.LoginPage.getPageTitle(LoginPage.java:31)
at orangeHRM.pages.LoginPage.getPageTitle(LoginPage.java:31)
at orangeHRM.pages.LoginPage.getPageTitle(LoginPage.java:31)
at orangeHRM.pages.LoginPage.getPageTitle(LoginPage.java:31)
at orangeHRM.pages.LoginPage.getPageTitle(LoginPage.java:31)
at orangeHRM.pages.LoginPage.getPageTitle(LoginPage.java:31)
at orangeHRM.pages.LoginPage.getPageTitle(LoginPage.java:31)
at orangeHRM.pages.LoginPage.getPageTitle(LoginPage.java:31)
at orangeHRM.pages.LoginPage.getPageTitle(LoginPage.java:31)
at orangeHRM.pages.LoginPage.getPageTitle(LoginPage.java:31)
at orangeHRM.pages.LoginPage.getPageTitle(LoginPage.java:31)
at orangeHRM.pages.LoginPage.getPageTitle(LoginPage.java:31)
at orangeHRM.pages.LoginPage.getPageTitle(LoginPage.java:31)
at orangeHRM.pages.LoginPage.getPageTitle(LoginPage.java:31)
at orangeHRM.pages.LoginPage.getPageTitle(LoginPage.java:31)
at orangeHRM.pages.LoginPage.getPageTitle(LoginPage.java:31)
at orangeHRM.pages.LoginPage.getPageTitle(LoginPage.java:31)
at orangeHRM.pages.LoginPage.getPageTitle(LoginPage.java:31)
at orangeHRM.pages.LoginPage.getPageTitle(LoginPage.java:31)
at orangeHRM.pages.LoginPage.getPageTitle(LoginPage.java:31)
at orangeHRM.pages.LoginPage.getPageTitle(LoginPage.java:31)
at orangeHRM.pages.LoginPage.getPageTitle(LoginPage.java:31)
at orangeHRM.pages.LoginPage.getPageTitle(LoginPage.java:31)
at orangeHRM.pages.LoginPage.getPageTitle(LoginPage.java:31)
at orangeHRM.pages.LoginPage.getPageTitle(LoginPage.java:31)
at orangeHRM.pages.LoginPage.getPageTitle(LoginPage.java:31)
at orangeHRM.pages.LoginPage.getPageTitle(LoginPage.java:31)
at orangeHRM.pages.LoginPage.getPageTitle(LoginPage.java:31)
at orangeHRM.pages.LoginPage.getPageTitle(LoginPage.java:31)
at orangeHRM.pages.LoginPage.getPageTitle(LoginPage.java:31)
at orangeHRM.pages.LoginPage.getPageTitle(LoginPage.java:31)
at orangeHRM.pages.LoginPage.getPageTitle(LoginPage.java:31)
at orangeHRM.pages.LoginPage.getPageTitle(LoginPage.java:31)
at orangeHRM.pages.LoginPage.getPageTitle(LoginPage.java:31)
at orangeHRM.pages.LoginPage.getPageTitle(LoginPage.java:31)
at orangeHRM.pages.LoginPage.getPageTitle(LoginPage.java:31)
at orangeHRM.pages.LoginPage.getPageTitle(LoginPage.java:31)
at orangeHRM.pages.LoginPage.getPageTitle(LoginPage.java:31)
at orangeHRM.pages.LoginPage.getPageTitle(LoginPage.java:31)
at orangeHRM.pages.LoginPage.getPageTitle(LoginPage.java:31)
at orangeHRM.pages.LoginPage.getPageTitle(LoginPage.java:31)
at orangeHRM.pages.LoginPage.getPageTitle(LoginPage.java:31)
at orangeHRM.pages.LoginPage.getPageTitle(LoginPage.java:31)
at orangeHRM.pages.LoginPage.getPageTitle(LoginPage.java:31)
at orangeHRM.pages.LoginPage.getPageTitle(LoginPage.java:31)
at orangeHRM.pages.LoginPage.getPageTitle(LoginPage.java:31)
at orangeHRM.pages.LoginPage.getPageTitle(LoginPage.java:31)
at orangeHRM.pages.LoginPage.getPageTitle(LoginPage.java:31)
at orangeHRM.pages.LoginPage.getPageTitle(LoginPage.java:31)
at orangeHRM.pages.LoginPage.getPageTitle(LoginPage.java:31)
at orangeHRM.pages.LoginPage.getPageTitle(LoginPage.java:31)
at orangeHRM.pages.LoginPage.getPageTitle(LoginPage.java:31)
at orangeHRM.pages.LoginPage.getPageTitle(LoginPage.java:31)
at orangeHRM.pages.LoginPage.getPageTitle(LoginPage.java:31)
at orangeHRM.pages.LoginPage.getPageTitle(LoginPage.java:31)
at orangeHRM.pages.LoginPage.getPageTitle(LoginPage.java:31)
at orangeHRM.pages.LoginPage.getPageTitle(LoginPage.java:31)
at orangeHRM.pages.LoginPage.getPageTitle(LoginPage.java:31)
at orangeHRM.pages.LoginPage.getPageTitle(LoginPage.java:31)
at orangeHRM.pages.LoginPage.getPageTitle(LoginPage.java:31)
at orangeHRM.pages.LoginPage.getPageTitle(LoginPage.java:31)
at orangeHRM.pages.LoginPage.getPageTitle(LoginPage.java:31)
at orangeHRM.pages.LoginPage.getPageTitle(LoginPage.java:31)
at orangeHRM.pages.LoginPage.getPageTitle(LoginPage.java:31)
at orangeHRM.pages.LoginPage.getPageTitle(LoginPage.java:31)
at orangeHRM.pages.LoginPage.getPageTitle(LoginPage.java:31)
at orangeHRM.pages.LoginPage.getPageTitle(LoginPage.java:31)
at orangeHRM.pages.LoginPage.getPageTitle(LoginPage.java:31)
at orangeHRM.pages.LoginPage.getPageTitle(LoginPage.java:31)
at orangeHRM.pages.LoginPage.getPageTitle(LoginPage.java:31)
at orangeHRM.pages.LoginPage.getPageTitle(LoginPage.java:31)
at orangeHRM.pages.LoginPage.getPageTitle(LoginPage.java:31)
at orangeHRM.pages.LoginPage.getPageTitle(LoginPage.java:31)
at orangeHRM.pages.LoginPage.getPageTitle(LoginPage.java:31)
at orangeHRM.pages.LoginPage.getPageTitle(LoginPage.java:31)
at orangeHRM.pages.LoginPage.getPageTitle(LoginPage.java:31)
at orangeHRM.pages.LoginPage.getPageTitle(LoginPage.java:31)
at orangeHRM.pages.LoginPage.getPageTitle(LoginPage.java:31)
at orangeHRM.pages.LoginPage.getPageTitle(LoginPage.java:31)
at orangeHRM.pages.LoginPage.getPageTitle(LoginPage.java:31)
at orangeHRM.pages.LoginPage.getPageTitle(LoginPage.java:31)
at orangeHRM.pages.LoginPage.getPageTitle(LoginPage.java:31)
at orangeHRM.pages.LoginPage.getPageTitle(LoginPage.java:31)
at orangeHRM.pages.LoginPage.getPageTitle(LoginPage.java:31)
at orangeHRM.pages.LoginPage.getPageTitle(LoginPage.java:31)
at orangeHRM.pages.LoginPage.getPageTitle(LoginPage.java:31)
at orangeHRM.pages.LoginPage.getPageTitle(LoginPage.java:31)
at orangeHRM.pages.LoginPage.getPageTitle(LoginPage.java:31)
at orangeHRM.pages.LoginPage.getPageTitle(LoginPage.java:31)
at orangeHRM.pages.LoginPage.getPageTitle(LoginPage.java:31)
at orangeHRM.pages.LoginPage.getPageTitle(LoginPage.java:31)
at orangeHRM.pages.LoginPage.getPageTitle(LoginPage.java:31)
at orangeHRM.pages.LoginPage.getPageTitle(LoginPage.java:31)
at orangeHRM.pages.LoginPage.getPageTitle(LoginPage.java:31)
at orangeHRM.pages.LoginPage.getPageTitle(LoginPage.java:31)
at orangeHRM.pages.LoginPage.getPageTitle(LoginPage.java:31)
at orangeHRM.pages.LoginPage.getPageTitle(LoginPage.java:31)
at orangeHRM.pages.LoginPage.getPageTitle(LoginPage.java:31)
at orangeHRM.pages.LoginPage.getPageTitle(LoginPage.java:31)
at orangeHRM.pages.LoginPage.getPageTitle(LoginPage.java:31)
at orangeHRM.pages.LoginPage.getPageTitle(LoginPage.java:31)
at orangeHRM.pages.LoginPage.getPageTitle(LoginPage.java:31)
at orangeHRM.pages.LoginPage.getPageTitle(LoginPage.java:31)
at orangeHRM.pages.LoginPage.getPageTitle(LoginPage.java:31)
at orangeHRM.pages.LoginPage.getPageTitle(LoginPage.java:31)
at orangeHRM.pages.LoginPage.getPageTitle(LoginPage.java:31)
at orangeHRM.pages.LoginPage.getPageTitle(LoginPage.java:31)
at orangeHRM.pages.LoginPage.getPageTitle(LoginPage.java:31)
at orangeHRM.pages.LoginPage.getPageTitle(LoginPage.java:31)
at orangeHRM.pages.LoginPage.getPageTitle(LoginPage.java:31)
at orangeHRM.pages.LoginPage.getPageTitle(LoginPage.java:31)
at orangeHRM.pages.LoginPage.getPageTitle(LoginPage.java:31)
at orangeHRM.pages.LoginPage.getPageTitle(LoginPage.java:31)
at orangeHRM.pages.LoginPage.getPageTitle(LoginPage.java:31)
at orangeHRM.pages.LoginPage.getPageTitle(LoginPage.java:31)
at orangeHRM.pages.LoginPage.getPageTitle(LoginPage.java:31)
at orangeHRM.pages.LoginPage.getPageTitle(LoginPage.java:31)
at orangeHRM.pages.LoginPage.getPageTitle(LoginPage.java:31)
at orangeHRM.pages.LoginPage.getPageTitle(LoginPage.java:31)
at orangeHRM.pages.LoginPage.getPageTitle(LoginPage.java:31)
at orangeHRM.pages.LoginPage.getPageTitle(LoginPage.java:31)
at orangeHRM.pages.LoginPage.getPageTitle(LoginPage.java:31)
at orangeHRM.pages.LoginPage.getPageTitle(LoginPage.java:31)
at orangeHRM.pages.LoginPage.getPageTitle(LoginPage.java:31)
at orangeHRM.pages.LoginPage.getPageTitle(LoginPage.java:31)
at orangeHRM.pages.LoginPage.getPageTitle(LoginPage.java:31)
at orangeHRM.pages.LoginPage.getPageTitle(LoginPage.java:31)
at orangeHRM.pages.LoginPage.getPageTitle(LoginPage.java:31)
at orangeHRM.pages.LoginPage.getPageTitle(LoginPage.java:31)
at orangeHRM.pages.LoginPage.getPageTitle(LoginPage.java:31)
at orangeHRM.pages.LoginPage.getPageTitle(LoginPage.java:31)
at orangeHRM.pages.LoginPage.getPageTitle(LoginPage.java:31)
at orangeHRM.pages.LoginPage.getPageTitle(LoginPage.java:31)
at orangeHRM.pages.LoginPage.getPageTitle(LoginPage.java:31)
at orangeHRM.pages.LoginPage.getPageTitle(LoginPage.java:31)
at orangeHRM.pages.LoginPage.getPageTitle(LoginPage.java:31)
at orangeHRM.pages.LoginPage.getPageTitle(LoginPage.java:31)
at orangeHRM.pages.LoginPage.getPageTitle(LoginPage.java:31)
at orangeHRM.pages.LoginPage.getPageTitle(LoginPage.java:31)
at orangeHRM.pages.LoginPage.getPageTitle(LoginPage.java:31)
at orangeHRM.pages.LoginPage.getPageTitle(LoginPage.java:31)
at orangeHRM.pages.LoginPage.getPageTitle(LoginPage.java:31)
at orangeHRM.pages.LoginPage.getPageTitle(LoginPage.java:31)
at orangeHRM.pages.LoginPage.getPageTitle(LoginPage.java:31)
at orangeHRM.pages.LoginPage.getPageTitle(LoginPage.java:31)
at orangeHRM.pages.LoginPage.getPageTitle(LoginPage.java:31)
at orangeHRM.pages.LoginPage.getPageTitle(LoginPage.java:31)
at orangeHRM.pages.LoginPage.getPageTitle(LoginPage.java:31)
at orangeHRM.pages.LoginPage.getPageTitle(LoginPage.java:31)
at orangeHRM.pages.LoginPage.getPageTitle(LoginPage.java:31)
at orangeHRM.pages.LoginPage.getPageTitle(LoginPage.java:31)
at orangeHRM.pages.LoginPage.getPageTitle(LoginPage.java:31)
at orangeHRM.pages.LoginPage.getPageTitle(LoginPage.java:31)
at orangeHRM.pages.LoginPage.getPageTitle(LoginPage.java:31)
at orangeHRM.pages.LoginPage.getPageTitle(LoginPage.java:31)
at orangeHRM.pages.LoginPage.getPageTitle(LoginPage.java:31)
at orangeHRM.pages.LoginPage.getPageTitle(LoginPage.java:31)
at orangeHRM.pages.LoginPage.getPageTitle(LoginPage.java:31)
at orangeHRM.pages.LoginPage.getPageTitle(LoginPage.java:31)
at orangeHRM.pages.LoginPage.getPageTitle(LoginPage.java:31)
at orangeHRM.pages.LoginPage.getPageTitle(LoginPage.java:31)
at orangeHRM.pages.LoginPage.getPageTitle(LoginPage.java:31)
at orangeHRM.pages.LoginPage.getPageTitle(LoginPage.java:31)
at orangeHRM.pages.LoginPage.getPageTitle(LoginPage.java:31)
at orangeHRM.pages.LoginPage.getPageTitle(LoginPage.java:31)
at orangeHRM.pages.LoginPage.getPageTitle(LoginPage.java:31)
at orangeHRM.pages.LoginPage.getPageTitle(LoginPage.java:31)
at orangeHRM.pages.LoginPage.getPageTitle(LoginPage.java:31)
at orangeHRM.pages.LoginPage.getPageTitle(LoginPage.java:31)
at orangeHRM.pages.LoginPage.getPageTitle(LoginPage.java:31)
at orangeHRM.pages.LoginPage.getPageTitle(LoginPage.java:31)
at orangeHRM.pages.LoginPage.getPageTitle(LoginPage.java:31)
at orangeHRM.pages.LoginPage.getPageTitle(LoginPage.java:31)
at orangeHRM.pages.LoginPage.getPageTitle(LoginPage.java:31)
at orangeHRM.pages.LoginPage.getPageTitle(LoginPage.java:31)
at orangeHRM.pages.LoginPage.getPageTitle(LoginPage.java:31)
at orangeHRM.pages.LoginPage.getPageTitle(LoginPage.java:31)
at orangeHRM.pages.LoginPage.getPageTitle(LoginPage.java:31)
at orangeHRM.pages.LoginPage.getPageTitle(LoginPage.java:31)
at orangeHRM.pages.LoginPage.getPageTitle(LoginPage.java:31)
at orangeHRM.pages.LoginPage.getPageTitle(LoginPage.java:31)
at orangeHRM.pages.LoginPage.getPageTitle(LoginPage.java:31)
at orangeHRM.pages.LoginPage.getPageTitle(LoginPage.java:31)
at orangeHRM.pages.LoginPage.getPageTitle(LoginPage.java:31)
at orangeHRM.pages.LoginPage.getPageTitle(LoginPage.java:31)
at orangeHRM.pages.LoginPage.getPageTitle(LoginPage.java:31)
at orangeHRM.pages.LoginPage.getPageTitle(LoginPage.java:31)
at orangeHRM.pages.LoginPage.getPageTitle(LoginPage.java:31)
at orangeHRM.pages.LoginPage.getPageTitle(LoginPage.java:31)
at orangeHRM.pages.LoginPage.getPageTitle(LoginPage.java:31)
at orangeHRM.pages.LoginPage.getPageTitle(LoginPage.java:31)
at orangeHRM.pages.LoginPage.getPageTitle(LoginPage.java:31)
at orangeHRM.pages.LoginPage.getPageTitle(LoginPage.java:31)
at orangeHRM.pages.LoginPage.getPageTitle(LoginPage.java:31)
at orangeHRM.pages.LoginPage.getPageTitle(LoginPage.java:31)
at orangeHRM.pages.LoginPage.getPageTitle(LoginPage.java:31)
at orangeHRM.pages.LoginPage.getPageTitle(LoginPage.java:31)
at orangeHRM.pages.LoginPage.getPageTitle(LoginPage.java:31)
at orangeHRM.pages.LoginPage.getPageTitle(LoginPage.java:31)
at orangeHRM.pages.LoginPage.getPageTitle(LoginPage.java:31)
at orangeHRM.pages.LoginPage.getPageTitle(LoginPage.java:31)
at orangeHRM.pages.LoginPage.getPageTitle(LoginPage.java:31)
at orangeHRM.pages.LoginPage.getPageTitle(LoginPage.java:31)
at orangeHRM.pages.LoginPage.getPageTitle(LoginPage.java:31)
at orangeHRM.pages.LoginPage.getPageTitle(LoginPage.java:31)
at orangeHRM.pages.LoginPage.getPageTitle(LoginPage.java:31)
at orangeHRM.pages.LoginPage.getPageTitle(LoginPage.java:31)
at orangeHRM.pages.LoginPage.getPageTitle(LoginPage.java:31)
at orangeHRM.pages.LoginPage.getPageTitle(LoginPage.java:31)
at orangeHRM.pages.LoginPage.getPageTitle(LoginPage.java:31)
at orangeHRM.pages.LoginPage.getPageTitle(LoginPage.java:31)
at orangeHRM.pages.LoginPage.getPageTitle(LoginPage.java:31)
at orangeHRM.pages.LoginPage.getPageTitle(LoginPage.java:31)
at orangeHRM.pages.LoginPage.getPageTitle(LoginPage.java:31)
at orangeHRM.pages.LoginPage.getPageTitle(LoginPage.java:31)
at orangeHRM.pages.LoginPage.getPageTitle(LoginPage.java:31)
at orangeHRM.pages.LoginPage.getPageTitle(LoginPage.java:31)
at orangeHRM.pages.LoginPage.getPageTitle(LoginPage.java:31)
at orangeHRM.pages.LoginPage.getPageTitle(LoginPage.java:31)
at orangeHRM.pages.LoginPage.getPageTitle(LoginPage.java:31)
at orangeHRM.pages.LoginPage.getPageTitle(LoginPage.java:31)
at orangeHRM.pages.LoginPage.getPageTitle(LoginPage.java:31)
at orangeHRM.pages.LoginPage.getPageTitle(LoginPage.java:31)
at orangeHRM.pages.LoginPage.getPageTitle(LoginPage.java:31)
at orangeHRM.pages.LoginPage.getPageTitle(LoginPage.java:31)
at orangeHRM.pages.LoginPage.getPageTitle(LoginPage.java:31)
at orangeHRM.pages.LoginPage.getPageTitle(LoginPage.java:31)
at orangeHRM.pages.LoginPage.getPageTitle(LoginPage.java:31)
at orangeHRM.pages.LoginPage.getPageTitle(LoginPage.java:31)
at orangeHRM.pages.LoginPage.getPageTitle(LoginPage.java:31)
at orangeHRM.pages.LoginPage.getPageTitle(LoginPage.java:31)
at orangeHRM.pages.LoginPage.getPageTitle(LoginPage.java:31)
at orangeHRM.pages.LoginPage.getPageTitle(LoginPage.java:31)
]]>
    </error>
  </testcase> <!-- getPageTitleTest -->
  <system-out/>
  <testcase classname="orangeHRM.testcases.LoginPageTest" name="doLoginTest" time="7.510"/>
  <system-out/>
</testsuite> <!-- orangeHRM.testcases.LoginPageTest -->
