<?xml version="1.0" encoding="UTF-8"?>
<!-- Generated by org.testng.reporters.JUnitReportReporter -->
<testsuite hostname="debasmita" failures="0" tests="1" name="orangeHRM.testcases.HomePageTest" time="4.743" errors="0" timestamp="2024-07-07T13:41:59 IST" skipped="0">
  <testcase classname="orangeHRM.testcases.HomePageTest" name="test3" time="4.743"/>
</testsuite> <!-- orangeHRM.testcases.HomePageTest -->
