<?xml version="1.0" encoding="UTF-8"?>
<!-- Generated by org.testng.reporters.JUnitReportReporter -->
<testsuite hostname="CPC-debas-HPLU6" failures="0" tests="2" name="orangeHRM.dataproviders.DataProviders" time="0.010" errors="0" timestamp="2024-07-22T12:29:14 IST" skipped="0">
  <testcase classname="orangeHRM.dataproviders.DataProviders" name="testPOJO" time="0.009"/>
  <system-out/>
  <testcase classname="orangeHRM.dataproviders.DataProviders" name="testPOJO" time="0.001"/>
  <system-out/>
</testsuite> <!-- orangeHRM.dataproviders.DataProviders -->
