<?xml version="1.0" encoding="UTF-8"?>
<!-- Generated by org.testng.reporters.JUnitReportReporter -->
<testsuite hostname="CPC-debas-HPLU6" failures="0" tests="1" name="orangeHRM.dataproviders.DataProviderWithExcel" time="0.000" errors="0" timestamp="2024-07-22T16:22:31 IST" skipped="1">
  <testcase classname="orangeHRM.dataproviders.DataProviderWithExcel" name="test01" time="0.000">
    <skipped/>
  </testcase> <!-- test01 -->
  <system-out/>
</testsuite> <!-- orangeHRM.dataproviders.DataProviderWithExcel -->
