<?xml version="1.0" encoding="UTF-8"?>
<!-- Generated by org.testng.reporters.JUnitReportReporter -->
<testsuite hostname="debasmita" failures="0" tests="2" name="orangeHRM.testcases.LoginPageTest" time="16.989" errors="0" timestamp="2024-07-07T13:41:59 IST" skipped="0">
  <testcase classname="orangeHRM.testcases.LoginPageTest" name="test2" time="8.332"/>
  <testcase classname="orangeHRM.testcases.LoginPageTest" name="test1" time="8.657"/>
</testsuite> <!-- orangeHRM.testcases.LoginPageTest -->
