<?xml version="1.0" encoding="UTF-8"?>
<!-- Generated by org.testng.reporters.JUnitReportReporter -->
<testsuite hostname="CPC-debas-HPLU6" failures="0" tests="1" name="orangeHRM.testcases.LoginPageTest" time="6.747" errors="0" timestamp="2024-07-15T17:32:46 IST" skipped="0">
  <testcase classname="orangeHRM.testcases.LoginPageTest" name="doLoginTest" time="6.747"/>
  <system-out/>
</testsuite> <!-- orangeHRM.testcases.LoginPageTest -->
