<?xml version="1.0" encoding="UTF-8"?>
<!-- Generated by org.testng.reporters.JUnitReportReporter -->
<testsuite hostname="CPC-debas-HPLU6" failures="0" tests="2" name="orangeHRM.testcases.LoginPageTest" time="23.157" errors="0" timestamp="2024-07-10T14:44:23 IST" skipped="0">
  <testcase classname="orangeHRM.testcases.LoginPageTest" name="test2" time="11.564"/>
  <system-out/>
  <testcase classname="orangeHRM.testcases.LoginPageTest" name="test1" time="11.593"/>
  <system-out/>
</testsuite> <!-- orangeHRM.testcases.LoginPageTest -->
