<?xml version="1.0" encoding="UTF-8"?>
<!-- Generated by org.testng.reporters.JUnitReportReporter -->
<<<<<<< HEAD
<testsuite hostname="debasmita" failures="0" tests="1" name="orangeHRM.testcases.HomePageTest" time="4.632" errors="0" timestamp="2024-07-07T12:32:31 IST" skipped="0">
  <testcase classname="orangeHRM.testcases.HomePageTest" name="test3" time="4.632"/>
=======
<testsuite hostname="CPC-debas-HPLU6" failures="0" tests="1" name="orangeHRM.testcases.HomePageTest" time="5.938" errors="0" timestamp="2024-07-02T14:26:28 IST" skipped="0">
  <testcase classname="orangeHRM.testcases.HomePageTest" name="test3" time="5.938"/>
  <system-out/>
>>>>>>> 6822593227d0646e828946ebf3f7e9528c3cfb3a
</testsuite> <!-- orangeHRM.testcases.HomePageTest -->
