<?xml version="1.0" encoding="UTF-8"?>
<!-- Generated by org.testng.reporters.JUnitReportReporter -->
<testsuite hostname="CPC-debas-HPLU6" failures="0" tests="2" name="orangeHRM.dataproviders.DataProviderWithJson" time="0.014" errors="0" timestamp="2024-07-23T11:00:27 IST" skipped="0">
  <testcase classname="orangeHRM.dataproviders.DataProviderWithJson" name="test01" time="0.012"/>
  <system-out/>
  <testcase classname="orangeHRM.dataproviders.DataProviderWithJson" name="test01" time="0.002"/>
  <system-out/>
</testsuite> <!-- orangeHRM.dataproviders.DataProviderWithJson -->
