<?xml version="1.0" encoding="UTF-8"?>
<!-- Generated by org.testng.reporters.JUnitReportReporter -->
<testsuite hostname="CPC-debas-HPLU6" failures="0" tests="1" name="orangeHRM.testcases.HomePageTest" time="5.938" errors="0" timestamp="2024-07-02T14:26:28 IST" skipped="0">
  <testcase classname="orangeHRM.testcases.HomePageTest" name="test3" time="5.938"/>
  <system-out/>
</testsuite> <!-- orangeHRM.testcases.HomePageTest -->
