<?xml version="1.0" encoding="UTF-8"?>
<!-- Generated by org.testng.reporters.JUnitReportReporter -->
<testsuite hostname="CPC-debas-HPLU6" failures="0" tests="4" name="orangeHRM.dataproviders.DataProviderWithExcel" time="0.014" errors="0" timestamp="2024-07-22T14:10:24 IST" skipped="0">
  <testcase classname="orangeHRM.dataproviders.DataProviderWithExcel" name="test01" time="0.001"/>
  <system-out/>
  <testcase classname="orangeHRM.dataproviders.DataProviderWithExcel" name="test01" time="0.002"/>
  <system-out/>
  <testcase classname="orangeHRM.dataproviders.DataProviderWithExcel" name="test01" time="0.001"/>
  <system-out/>
  <testcase classname="orangeHRM.dataproviders.DataProviderWithExcel" name="test01" time="0.010"/>
  <system-out/>
</testsuite> <!-- orangeHRM.dataproviders.DataProviderWithExcel -->
