<?xml version="1.0" encoding="UTF-8"?>
<!-- Generated by org.testng.reporters.JUnitReportReporter -->
<testsuite hostname="CPC-debas-HPLU6" failures="0" tests="1" name="orangeHRM.testcases.HomePageTest" time="9.683" errors="0" timestamp="2024-07-16T15:08:33 IST" skipped="0">
  <testcase classname="orangeHRM.testcases.HomePageTest" name="clickLogoutTest" time="9.683"/>
  <system-out/>
</testsuite> <!-- orangeHRM.testcases.HomePageTest -->
